0 info it worked if it ends with ok
1 verbose cli [ 'node', '/usr/local/bin/npm', 'publish' ]
2 info using npm@1.4.28
3 info using node@v0.10.33
4 verbose publish [ '.' ]
5 verbose cache add [ '.', null ]
6 verbose cache add name=undefined spec="." args=[".",null]
7 verbose parsed url { protocol: null,
7 verbose parsed url   slashes: null,
7 verbose parsed url   auth: null,
7 verbose parsed url   host: null,
7 verbose parsed url   port: null,
7 verbose parsed url   hostname: null,
7 verbose parsed url   hash: null,
7 verbose parsed url   search: null,
7 verbose parsed url   query: null,
7 verbose parsed url   pathname: '.',
7 verbose parsed url   path: '.',
7 verbose parsed url   href: '.' }
8 silly lockFile 3a52ce78- .
9 verbose lock . /Users/enguyen/.npm/3a52ce78-.lock
10 verbose tar pack [ '/Users/enguyen/.npm/object-meta/2.2.17/package.tgz', '.' ]
11 verbose tarball /Users/enguyen/.npm/object-meta/2.2.17/package.tgz
12 verbose folder .
13 info prepublish object-meta@2.2.17
14 silly lockFile 1f1177db-tar tar://.
15 verbose lock tar://. /Users/enguyen/.npm/1f1177db-tar.lock
16 silly lockFile e2233717-m-object-meta-2-2-17-package-tgz tar:///Users/enguyen/.npm/object-meta/2.2.17/package.tgz
17 verbose lock tar:///Users/enguyen/.npm/object-meta/2.2.17/package.tgz /Users/enguyen/.npm/e2233717-m-object-meta-2-2-17-package-tgz.lock
18 silly lockFile 1f1177db-tar tar://.
19 silly lockFile 1f1177db-tar tar://.
20 silly lockFile e2233717-m-object-meta-2-2-17-package-tgz tar:///Users/enguyen/.npm/object-meta/2.2.17/package.tgz
21 silly lockFile e2233717-m-object-meta-2-2-17-package-tgz tar:///Users/enguyen/.npm/object-meta/2.2.17/package.tgz
22 silly lockFile 4cbdd1b4-n-npm-object-meta-2-2-17-package /Users/enguyen/.npm/object-meta/2.2.17/package
23 verbose lock /Users/enguyen/.npm/object-meta/2.2.17/package /Users/enguyen/.npm/4cbdd1b4-n-npm-object-meta-2-2-17-package.lock
24 silly lockFile 4cbdd1b4-n-npm-object-meta-2-2-17-package /Users/enguyen/.npm/object-meta/2.2.17/package
25 silly lockFile 4cbdd1b4-n-npm-object-meta-2-2-17-package /Users/enguyen/.npm/object-meta/2.2.17/package
26 silly lockFile 3a52ce78- .
27 silly lockFile 3a52ce78- .
28 silly publish { name: 'object-meta',
28 silly publish   version: '2.2.17',
28 silly publish   description: 'Object meta is just a tiny independent library which allows you to model all the object blue print that you can think off.',
28 silly publish   main: 'index.js',
28 silly publish   scripts: { test: 'test' },
28 silly publish   repository:
28 silly publish    { type: 'git',
28 silly publish      url: 'https://github.com/ericnguyen13/object-meta.git' },
28 silly publish   keywords: [ 'object-meta' ],
28 silly publish   author: { name: 'Eric Nguyen' },
28 silly publish   license: 'Free to all users',
28 silly publish   dependencies: { clone: '^0.2.0', lodash: '^2.4.1', 'object-assign': '^2.0.0' },
28 silly publish   gitHead: '2355bedfe5c2f271331b0b6fd6b9135a6e098e3c',
28 silly publish   bugs: { url: 'https://github.com/ericnguyen13/object-meta/issues' },
28 silly publish   readme: 'ERROR: No README data found!',
28 silly publish   homepage: 'https://github.com/ericnguyen13/object-meta',
28 silly publish   _id: 'object-meta@2.2.17',
28 silly publish   _shasum: '0a4dd5d107eebf978a9a72f873b1c84a243def09',
28 silly publish   _from: '.' }
29 verbose request where is /object-meta
30 verbose request registry https://registry.npmjs.org/
31 verbose request id be67d50a12c02228
32 verbose url raw /object-meta
33 verbose url resolving [ 'https://registry.npmjs.org/', './object-meta' ]
34 verbose url resolved https://registry.npmjs.org/object-meta
35 verbose request where is https://registry.npmjs.org/object-meta
36 info trying registry request attempt 1 at 11:48:49
37 http PUT https://registry.npmjs.org/object-meta
38 http 403 https://registry.npmjs.org/object-meta
39 verbose headers { date: 'Fri, 26 Dec 2014 18:48:50 GMT',
39 verbose headers   server: 'CouchDB/1.5.0 (Erlang OTP/R16B03)',
39 verbose headers   'content-type': 'application/json',
39 verbose headers   'cache-control': 'max-age=60',
39 verbose headers   'content-length': '2468',
39 verbose headers   'accept-ranges': 'bytes',
39 verbose headers   via: '1.1 varnish',
39 verbose headers   'x-served-by': 'cache-sjc3122-SJC',
39 verbose headers   'x-cache': 'MISS',
39 verbose headers   'x-cache-hits': '0',
39 verbose headers   'x-timer': 'S1419619730.260617,VS0,VE148',
39 verbose headers   'keep-alive': 'timeout=10, max=50',
39 verbose headers   connection: 'Keep-Alive' }
40 error publish Failed PUT 403
41 error Error: forbidden cannot modify pre-existing version: 2.2.17
41 error old={"name":"object-meta","version":"2.2.17","description":"Object meta is just a tiny independent library which allows you to model all the object blue print that you can think off.","main":"index.js","scripts":{"test":"test"},"repository":{"type":"git","url":"https://github.com/ericnguyen13/object-meta.git"},"keywords":["object-meta"],"author":{"name":"Eric Nguyen"},"license":"Free to all users","dependencies":{"clone":"^0.2.0","lodash":"^2.4.1","object-assign":"^2.0.0"},"gitHead":"2355bedfe5c2f271331b0b6fd6b9135a6e098e3c","bugs":{"url":"https://github.com/ericnguyen13/object-meta/issues"},"homepage":"https://github.com/ericnguyen13/object-meta","_id":"object-meta@2.2.17","_shasum":"9055baad82dcc5b3b5008e10dc0c781badb904a0","_from":".","_npmVersion":"1.4.28","_npmUser":{"name":"ericnguyen13","email":"ericnguyen13@hotmail.com"},"maintainers":[{"name":"ericnguyen13","email":"ericnguyen13@hotmail.com"}],"dist":{"shasum":"9055baad82dcc5b3b5008e10dc0c781badb904a0","tarball":"http://registry.npmjs.org/object-meta/-/object-meta-2.2.17.tgz"}}
41 error new={"name":"object-meta","version":"2.2.17","description":"Object meta is just a tiny independent library which allows you to model all the object blue print that you can think off.","main":"index.js","scripts":{"test":"test"},"repository":{"type":"git","url":"https://github.com/ericnguyen13/object-meta.git"},"keywords":["object-meta"],"author":{"name":"Eric Nguyen"},"license":"Free to all users","dependencies":{"clone":"^0.2.0","lodash":"^2.4.1","object-assign":"^2.0.0"},"gitHead":"2355bedfe5c2f271331b0b6fd6b9135a6e098e3c","bugs":{"url":"https://github.com/ericnguyen13/object-meta/issues"},"readme":"ERROR: No README data found!","homepage":"https://github.com/ericnguyen13/object-meta","_id":"object-meta@2.2.17","_shasum":"0a4dd5d107eebf978a9a72f873b1c84a243def09","_from":".","_npmVersion":"1.4.28","_npmUser":{"name":"ericnguyen13","email":"ericnguyen13@hotmail.com"},"maintainers":[{"name":"ericnguyen13","email":"ericnguyen13@hotmail.com"}],"dist":{"shasum":"0a4dd5d107eebf978a9a72f873b1c84a243def09","tarball":"http://registry.npmjs.org/object-meta/-/object-meta-2.2.17.tgz"}}: object-meta
41 error     at RegClient.<anonymous> (/usr/local/lib/node_modules/npm/node_modules/npm-registry-client/lib/request.js:308:14)
41 error     at Request._callback (/usr/local/lib/node_modules/npm/node_modules/npm-registry-client/lib/request.js:246:65)
41 error     at Request.self.callback (/usr/local/lib/node_modules/npm/node_modules/request/request.js:236:22)
41 error     at Request.emit (events.js:98:17)
41 error     at Request.<anonymous> (/usr/local/lib/node_modules/npm/node_modules/request/request.js:1142:14)
41 error     at Request.emit (events.js:117:20)
41 error     at IncomingMessage.<anonymous> (/usr/local/lib/node_modules/npm/node_modules/request/request.js:1096:12)
41 error     at IncomingMessage.emit (events.js:117:20)
41 error     at _stream_readable.js:943:16
41 error     at process._tickCallback (node.js:419:13)
42 error If you need help, you may report this *entire* log,
42 error including the npm and node versions, at:
42 error     <http://github.com/npm/npm/issues>
43 error System Darwin 14.0.0
44 error command "node" "/usr/local/bin/npm" "publish"
45 error cwd /Users/enguyen/Documents/orangeloop/object-meta
46 error node -v v0.10.33
47 error npm -v 1.4.28
48 verbose exit [ 1, true ]
